[2020-03-04 10:47:23,458 - fuchen - INFO ]: 测试标题是：工号不存在
[2020-03-04 10:47:23,458 - fuchen - INFO ]: 测试数据是：{
    "logid":"0000",
    "pass":"000000",
    "epid":"12751",
    "sessionid":""
}
[2020-03-04 10:47:23,550 - fuchen - INFO ]: 测试标题是：登陆成功
[2020-03-04 10:47:23,550 - fuchen - INFO ]: 测试数据是：{
    "logid":"000",
    "pass":"000000",
    "epid":"12751",
    "sessionid":""
}
[2020-03-04 10:47:23,822 - fuchen - INFO ]: 测试通过
[2020-03-04 10:47:23,823 - fuchen - INFO ]: 测试标题是：登陆成功
[2020-03-04 10:47:23,823 - fuchen - INFO ]: 测试数据是：{
    "logid":"000",
    "pass":"0000000",
    "epid":"12751",
    "sessionid":""
}
[2020-03-04 10:51:05,894 - fuchen - INFO ]: 测试标题是：工号不存在
[2020-03-04 10:51:05,895 - fuchen - INFO ]: 测试数据是：{
    "logid":"0000",
    "pass":"000000",
    "epid":"12751",
    "sessionid":""
}
[2020-03-04 10:51:05,997 - fuchen - INFO ]: 测试通过
[2020-03-04 10:51:05,998 - fuchen - INFO ]: 测试标题是：登陆成功
[2020-03-04 10:51:05,998 - fuchen - INFO ]: 测试数据是：{
    "logid":"000",
    "pass":"000000",
    "epid":"12751",
    "sessionid":""
}
[2020-03-04 10:51:06,245 - fuchen - INFO ]: 测试通过
[2020-03-04 10:51:06,246 - fuchen - INFO ]: 测试标题是：登陆成功
[2020-03-04 10:51:06,246 - fuchen - INFO ]: 测试数据是：{
    "logid":"000",
    "pass":"0000000",
    "epid":"12751",
    "sessionid":""
}
[2020-03-04 10:51:06,325 - fuchen - INFO ]: 测试通过
[2020-03-04 14:26:19,452 - fuchen - INFO ]: 测试标题是：工号不存在
[2020-03-04 14:26:19,452 - fuchen - INFO ]: 测试数据是：{
    "logid":"0000",
    "pass":"000000",
    "epid":"12751",
    "sessionid":""
}
[2020-03-04 14:26:19,562 - fuchen - INFO ]: 测试通过
[2020-03-04 14:26:19,564 - fuchen - INFO ]: 测试标题是：登陆成功
[2020-03-04 14:26:19,564 - fuchen - INFO ]: 测试数据是：{
    "logid":"000",
    "pass":"000000",
    "epid":"12751",
    "sessionid":""
}
[2020-03-04 14:26:19,649 - fuchen - INFO ]: 测试通过
[2020-03-04 14:26:19,650 - fuchen - INFO ]: 测试标题是：登陆成功
[2020-03-04 14:26:19,650 - fuchen - INFO ]: 测试数据是：{
    "logid":"000",
    "pass":"0000000",
    "epid":"12751",
    "sessionid":""
}
[2020-03-04 14:26:19,832 - fuchen - INFO ]: 测试通过
[2020-03-04 16:31:02,390 - fuchen - INFO ]: {'error': '登录工号不存在'}
[2020-03-04 16:31:44,699 - fuchen - INFO ]: {'rolecode': 'gm,', 'code': '000', 'userEmbGuid': '25481', 'roleid': '358355,', 'sessionid': 'D22ADD15-80DD-7ADB-39B8-E057C99A2C53', 'partialSn': '76417757', 'erpname': '测试adev7', 'compid': '144875', 'depid': '144877', 'id': '385605', 'sn': '1479776417757', 'asName': 'xb1_默认帐套', 'openname': '测试adev7', 'openid': '100270', 'rolename': '总经理', 'accode': '.', 'epid': '12751', 'invname': '默认店', 'apiTimeoutMap': {'sf-14212-1': 15, 'sf-14211-1': 15, 'ql-1669-1': 3, 'sf-14214-1': 15, 'ql-142201': 15, 'cs-citicMisPay': 120, 'sf-1907-1': 15, 'sf-22401-1': 15, 'sf-14401-1': 15, 'sf-1924-1': 15, 'sf-1925-1': 60, 'sf-22101-1': 15, 'sf-1421-1': 15}, 'notNeedBusiTypeRecord': '1', 'protype': '1', 'invid': '92343', 'name': '管理员', 'accessOnlySelf': '0', 'socketURL': '', 'topurl': 'http://oatest.hzdlsoft.com:7080/mycrm/DocShowBySN?sn=100270&optime=1561083265000', 'depname': '默认店', 'must_reset_password': 1, 'powerids': '24014,24015,2600,26001,26001-1,26001-2,26001-3,260010,260011,26002,26002-1,26002-2,26002-3,26003,26003-1,26003-2,26003-3,26004,26005,26006,26006-1,26006-2,26006-3,26007,26007-1,26008,26008-1,26008-2,26008-3,26009,26009-1,26009-2,26009-3'}
[2020-03-04 16:31:44,699 - fuchen - INFO ]: 测试通过
[2020-03-04 16:31:44,849 - fuchen - INFO ]: {'code': 0, 'data': {'total': 1, 'count': 1, 'sum': {'modelClass': 'DLSumrowModel'}, 'rows': [{'sizenames': 'M', 'dynamicData': ['100', '111'], 'year': '2016', 'invnum': '2', 'tagprice': '0', 'discount': '0.8', 'invonroadnum': '2', 'minstock': '0', 'marketFailure': '', 'sizeids': '2', 'season': '', 'id': '10015555817', 'rem': '', 'brand': '', 'delflag': '0', 'barcode': '', 'fileid': '34363549,34363553', 'stdprice1': '100', 'modelClass': 'DresStyleMoreDto', 'stdprice2': '111', 'saleDaysRemain': '', 'opname': '', 'unit': '1', 'name': '款1', 'respopid': '0', 'provideridname': '', 'isprocess': '否', 'processunitprice': '0', 'code': 'k1', 'onroadnum': '', 'shopName': '默认店', 'delopname': '', 'classidname': '', 'orgCode': '', 'brandid': '0', 'slbflag': '否', 'fileUrl': 'http://adev7.slhdoc.hzdlsoft.com/th_doc/12751/2018-11-14/th-34363549.jpg,http://adev7.slhdoc.hzdlsoft.com/th_doc/12751/2018-11-14/th-34363553.jpg?v=1', 'mallFlag': '', 'maxstock': '0', 'spFlag': '未上架', 'optime': '11-14 19:35', 'fileOrgUrl': 'http://adev7.slhdoc.hzdlsoft.com/mydoc2/12751/2018-11-14/34363549.jpg,http://adev7.slhdoc.hzdlsoft.com/mydoc2/12751/2018-11-14/34363553.jpg?v=1', 'colornames': '均色', 'colorids': '1', 'classid': '0', 'classname': '', 'marketdate': '16-11-22', 'locationid': '默认', 'purprice': '221', 'online': '下架'}]}, 'globalId': '2823455465', 'msg': '成功', 'reqSn': 'null', 'time': '2020-03-04 16:31:44'}
[2020-03-04 16:31:44,850 - fuchen - INFO ]: 测试通过
